<<<<<<< HEAD
This is pdfTeX, Version 3.1415926-2.5-1.40.14 (MiKTeX 2.9 64-bit) (preloaded format=pdflatex 2015.1.31)  18 MAR 2015 09:47
=======
This is pdfTeX, Version 3.14159265-2.6-1.40.15 (MiKTeX 2.9) (preloaded format=pdflatex 2015.2.25)  17 MAR 2015 17:48
>>>>>>> origin/master
entering extended mode
**"C:/Users/bdsal_000/Documents/GitHub/Shiela2/Final Report/Final Report.tex"
("C:/Users/bdsal_000/Documents/GitHub/Shiela2/Final Report/Final Report.tex"
LaTeX2e <2014/05/01>
Babel <3.9l> and hyphenation patterns for 68 languages loaded.
(D:\TeX\tex\latex\base\report.cls
Document Class: report 2014/09/29 v1.4h Standard LaTeX document class
(D:\TeX\tex\latex\base\size10.clo
File: size10.clo 2014/09/29 v1.4h Standard LaTeX file (size option)
)
\c@part=\count79
\c@chapter=\count80
\c@section=\count81
\c@subsection=\count82
\c@subsubsection=\count83
\c@paragraph=\count84
\c@subparagraph=\count85
\c@figure=\count86
\c@table=\count87
\abovecaptionskip=\skip41
\belowcaptionskip=\skip42
\bibindent=\dimen102
) (D:\TeX\tex\latex\preprint\fullpage.sty
Package: fullpage 1999/02/23 1.1 (PWD)
\FP@margin=\skip43
)
(D:\TeX\tex\latex\graphics\graphicx.sty
Package: graphicx 2014/10/28 v1.0g Enhanced LaTeX Graphics (DPC,SPQR)
 (D:\TeX\tex\latex\graphics\keyval.sty
Package: keyval 2014/10/28 v1.15 key=value parser (DPC)
\KV@toks@=\toks14
)
(D:\TeX\tex\latex\graphics\graphics.sty
Package: graphics 2014/10/28 v1.0p Standard LaTeX Graphics (DPC,SPQR)
 (D:\TeX\tex\latex\graphics\trig.sty
Package: trig 1999/03/16 v1.09 sin cos tan (DPC)
)
(D:\TeX\tex\latex\00miktex\graphics.cfg
File: graphics.cfg 2007/01/18 v1.5 graphics configuration of teTeX/TeXLive
)
Package graphics Info: Driver file: pdftex.def on input line 91.

(D:\TeX\tex\latex\pdftex-def\pdftex.def
File: pdftex.def 2011/05/27 v0.06d Graphics/color for pdfTeX

(D:\TeX\tex\generic\oberdiek\infwarerr.sty
Package: infwarerr 2010/04/08 v1.3 Providing info/warning/error messages (HO)
)
(D:\TeX\tex\generic\oberdiek\ltxcmds.sty
Package: ltxcmds 2011/11/09 v1.22 LaTeX kernel commands for general use (HO)
)
\Gread@gobject=\count88
))
\Gin@req@height=\dimen103
\Gin@req@width=\dimen104
) ("Final Report.aux")
LaTeX Font Info:    Checking defaults for OML/cmm/m/it on input line 10.
LaTeX Font Info:    ... okay on input line 10.
LaTeX Font Info:    Checking defaults for T1/cmr/m/n on input line 10.
LaTeX Font Info:    ... okay on input line 10.
LaTeX Font Info:    Checking defaults for OT1/cmr/m/n on input line 10.
LaTeX Font Info:    ... okay on input line 10.
LaTeX Font Info:    Checking defaults for OMS/cmsy/m/n on input line 10.
LaTeX Font Info:    ... okay on input line 10.
LaTeX Font Info:    Checking defaults for OMX/cmex/m/n on input line 10.
LaTeX Font Info:    ... okay on input line 10.
LaTeX Font Info:    Checking defaults for U/cmr/m/n on input line 10.
LaTeX Font Info:    ... okay on input line 10.

(D:\TeX\tex\context\base\supp-pdf.mkii
[Loading MPS to PDF converter (version 2006.09.02).]
\scratchcounter=\count89
\scratchdimen=\dimen105
\scratchbox=\box26
\nofMPsegments=\count90
\nofMParguments=\count91
\everyMPshowfont=\toks15
\MPscratchCnt=\count92
\MPscratchDim=\dimen106
\MPnumerator=\count93
\makeMPintoPDFobject=\count94
\everyMPtoPDFconversion=\toks16
)
LaTeX Font Info:    External font `cmex10' loaded for size
(Font)              <12> on input line 11.
LaTeX Font Info:    External font `cmex10' loaded for size
(Font)              <8> on input line 11.
LaTeX Font Info:    External font `cmex10' loaded for size
(Font)              <6> on input line 11.
 [1

{D:/TeX/pdftex/config/pdftex.map}] ("Final Report.toc"
LaTeX Font Info:    External font `cmex10' loaded for size
(Font)              <7> on input line 2.
LaTeX Font Info:    External font `cmex10' loaded for size
(Font)              <5> on input line 2.
 [1

])
\tf@toc=\write3
 [2]
("Final Report.lof")
\tf@lof=\write4
 [3

]
 1.

Overfull \hbox (2.2726pt too wide) in paragraph at lines 16--17
\OT1/cmr/m/n/10 SHEILA-D stands for Sub-aquatic Hy-dro-dy-nam-i-caly pro-pelled
 Ex-plorer Im-ple-men-ta-tion Los An-ge-les - Demon-
 []

[4

] <figures/"Section View".png, id=22, 784.43062pt x 255.20343pt>
File: figures/"Section View".png Graphic file (type png)

<use figures/"Section View".png>
Package pdftex.def Info: figures/"Section View".png used on input line 27.
(pdftex.def)             Requested size: 426.79134pt x 138.85141pt.
 [5 <./figures/Section View.png>] [6]
 2.
Missing character: There is no ‚ in font cmr10!
Missing character: There is no Ä in font cmr10!
Missing character: There is no ú in font cmr10!
Missing character: There is no ‚ in font cmr10!
Missing character: There is no Ä in font cmr10!
Missing character: There is no ù in font cmr10!
[7

] <figures/"Shark Skin".png, id=33, 301.125pt x 204.01219pt>
File: figures/"Shark Skin".png Graphic file (type png)

<use figures/"Shark Skin".png>
Package pdftex.def Info: figures/"Shark Skin".png used on input line 48.
(pdftex.def)             Requested size: 142.26378pt x 96.38692pt.

<figures/"Vantablack".png, id=35, 477.28313pt x 392.21532pt>
File: figures/"Vantablack".png Graphic file (type png)

<use figures/"Vantablack".png>
Package pdftex.def Info: figures/"Vantablack".png used on input line 56.
(pdftex.def)             Requested size: 142.26378pt x 116.90544pt.
Missing character: There is no ‚ in font cmr10!
Missing character: There is no Ä in font cmr10!
Missing character: There is no ú in font cmr10!
Missing character: There is no ‚ in font cmr10!
Missing character: There is no Ä in font cmr10!
Missing character: There is no ù in font cmr10!

<figures/"Cephalopod Skin".png, id=36, 564.60938pt x 375.65344pt>
File: figures/"Cephalopod Skin".png Graphic file (type png)

<use figures/"Cephalopod Skin".png>
Package pdftex.def Info: figures/"Cephalopod Skin".png used on input line 64.
(pdftex.def)             Requested size: 142.26378pt x 94.65254pt.
 [8 <./figures/Shark Skin.png> <./figures/Vantablack.png>] <figures/"Potting".p
ng, id=42, 392.21532pt x 602.25pt>
File: figures/"Potting".png Graphic file (type png)

<use figures/"Potting".png>
Package pdftex.def Info: figures/"Potting".png used on input line 72.
(pdftex.def)             Requested size: 113.81102pt x 174.7583pt.

<figures/"Conformal Coating".png, id=43, 225.84375pt x 148.30406pt>
File: figures/"Conformal Coating".png Graphic file (type png)

<use figures/"Conformal Coating".png>
Package pdftex.def Info: figures/"Conformal Coating".png used on input line 73.

(pdftex.def)             Requested size: 170.71652pt x 112.11029pt.

<figures/"Arduino UNO".png, id=44, 697.10437pt x 301.125pt>
File: figures/"Arduino UNO".png Graphic file (type png)

<use figures/"Arduino UNO".png>
Package pdftex.def Info: figures/"Arduino UNO".png used on input line 80.
(pdftex.def)             Requested size: 142.26378pt x 61.45073pt.


LaTeX Warning: `h' float specifier changed to `ht'.

Missing character: There is no ‚ in font cmr10!
Missing character: There is no Ä in font cmr10!
Missing character: There is no ô in font cmr10!
[9 <./figures/Cephalopod Skin.png> <./figures/Potting.png> <./figures/Conformal
 Coating.png>]
Missing character: There is no ‚ in font cmr10!
Missing character: There is no Ä in font cmr10!
Missing character: There is no ô in font cmr10!
 [10 <./figures/Arduino UNO.png>]
<figures/"CLT".png, id=55, 722.7pt x 542.025pt>
File: figures/"CLT".png Graphic file (type png)
 <use figures/"CLT".png>
Package pdftex.def Info: figures/"CLT".png used on input line 97.
(pdftex.def)             Requested size: 142.26378pt x 106.69933pt.

<figures/"Smart Duct".png, id=56, 150.5625pt x 263.48438pt>
File: figures/"Smart Duct".png Graphic file (type png)

<use figures/"Smart Duct".png>
Package pdftex.def Info: figures/"Smart Duct".png used on input line 104.
(pdftex.def)             Requested size: 142.26378pt x 248.986pt.
 [11 <./figures/CLT.png> <./figures/Smart Duct.png>] <figures/"Vortex Generator
s".png, id=62, 414.04688pt x 196.48407pt>
File: figures/"Vortex Generators".png Graphic file (type png)

<use figures/"Vortex Generators".png>
Package pdftex.def Info: figures/"Vortex Generators".png used on input line 111
.
(pdftex.def)             Requested size: 142.26378pt x 67.51125pt.

<figures/"Wanda II".png, id=63, 188.20313pt x 142.28156pt>
File: figures/"Wanda II".png Graphic file (type png)

<use figures/"Wanda II".png>
Package pdftex.def Info: figures/"Wanda II".png used on input line 118.
(pdftex.def)             Requested size: 142.26378pt x 107.55977pt.
 [12 <./figures/Vortex Generators.png> <./figures/Wanda II.png>] <figures/"Pitc
h Roll Yaw".png, id=70, 602.25pt x 390.70969pt>
File: figures/"Pitch Roll Yaw".png Graphic file (type png)

<use figures/"Pitch Roll Yaw".png>
Package pdftex.def Info: figures/"Pitch Roll Yaw".png used on input line 125.
(pdftex.def)             Requested size: 142.26378pt x 92.29372pt.
Missing character: There is no ‚ in font cmr10!
Missing character: There is no Ä in font cmr10!
Missing character: There is no ú in font cmr10!
Missing character: There is no ‚ in font cmr10!
Missing character: There is no Ä in font cmr10!
Missing character: There is no ¶ in font cmr10!
Missing character: There is no ‚ in font cmr10!
Missing character: There is no Ä in font cmr10!
Missing character: There is no ù in font cmr10!

<figures/"Submarine Stealth".png, id=71, 350.81062pt x 242.40562pt>
File: figures/"Submarine Stealth".png Graphic file (type png)

<use figures/"Submarine Stealth".png>
Package pdftex.def Info: figures/"Submarine Stealth".png used on input line 134
.
(pdftex.def)             Requested size: 142.26378pt x 98.30319pt.
Missing character: There is no ‚ in font cmr10!
Missing character: There is no Ä in font cmr10!
Missing character: There is no ú in font cmr10!
Missing character: There is no ‚ in font cmr10!
Missing character: There is no Ä in font cmr10!
Missing character: There is no ù in font cmr10!
 [13 <./figures/Pitch Roll Yaw.png> <./figures/Submarine Stealth.png>]
<figures/"Test Tank".png, id=77, 336.50719pt x 224.33812pt>
File: figures/"Test Tank".png Graphic file (type png)

<use figures/"Test Tank".png>
Package pdftex.def Info: figures/"Test Tank".png used on input line 147.
(pdftex.def)             Requested size: 142.26378pt x 94.84094pt.
 [14 <./figures/Test Tank.png>]
LaTeX Font Info:    Try loading font information for OMS+cmr on input line 154.


(D:\TeX\tex\latex\base\omscmr.fd
File: omscmr.fd 2014/09/29 v2.5h Standard LaTeX font definitions
)
LaTeX Font Info:    Font shape `OMS/cmr/m/n' in size <10> not available
(Font)              Font shape `OMS/cmsy/m/n' tried instead on input line 154.

<figures/"Thrust Augmentation".png, id=82, 192.72pt x 295.1025pt>
File: figures/"Thrust Augmentation".png Graphic file (type png)

<use figures/"Thrust Augmentation".png>
Package pdftex.def Info: figures/"Thrust Augmentation".png used on input line 1
60.
(pdftex.def)             Requested size: 142.26378pt x 217.84106pt.

<figures/"Owl Stealth".png, id=83, 395.97937pt x 222.8325pt>
File: figures/"Owl Stealth".png Graphic file (type png)

<use figures/"Owl Stealth".png>
Package pdftex.def Info: figures/"Owl Stealth".png used on input line 167.
(pdftex.def)             Requested size: 227.62204pt x 128.09369pt.


LaTeX Warning: `h' float specifier changed to `ht'.

[15 <./figures/Thrust Augmentation.png>]
<figures/"Submarine Hydrostatics".png, id=89, 371.88937pt x 207.77625pt>
File: figures/"Submarine Hydrostatics".png Graphic file (type png)

<use figures/"Submarine Hydrostatics".png>
Package pdftex.def Info: figures/"Submarine Hydrostatics".png used on input lin
e 175.
(pdftex.def)             Requested size: 227.62204pt x 127.17766pt.

<figures/"Submarine Design".png, id=90, 401.24907pt x 203.25937pt>
File: figures/"Submarine Design".png Graphic file (type png)

<use figures/"Submarine Design".png>
Package pdftex.def Info: figures/"Submarine Design".png used on input line 184.

(pdftex.def)             Requested size: 142.26378pt x 72.06607pt.


LaTeX Warning: `h' float specifier changed to `ht'.

[16 <./figures/Owl Stealth.png> <./figures/Submarine Hydrostatics.png>]
<figures/"Currents".png, id=96, 626.34pt x 469.00218pt>
File: figures/"Currents".png Graphic file (type png)

<use figures/"Currents".png>
Package pdftex.def Info: figures/"Currents".png used on input line 196.
(pdftex.def)             Requested size: 142.26378pt x 106.52283pt.


LaTeX Warning: `h' float specifier changed to `ht'.

Missing character: There is no ‚ in font cmr10!
Missing character: There is no Ä in font cmr10!
Missing character: There is no ô in font cmr10!
Missing character: There is no ‚ in font cmr10!
Missing character: There is no Ä in font cmr10!
Missing character: There is no ô in font cmr10!
[17 <./figures/Submarine Design.png>]
Missing character: There is no ‚ in font cmr10!
Missing character: There is no Ä in font cmr10!
Missing character: There is no ô in font cmr10!
Missing character: There is no ‚ in font cmr10!
Missing character: There is no Ä in font cmr10!
Missing character: There is no ô in font cmr10!
Missing character: There is no ‚ in font cmr10!
Missing character: There is no Ä in font cmr10!
Missing character: There is no ô in font cmr10!
 [18 <./figures/Currents.png>]
Missing character: There is no ‚ in font cmr10!
Missing character: There is no Ä in font cmr10!
Missing character: There is no ô in font cmr10!

Underfull \hbox (badness 10000) in paragraph at lines 207--208

 []

[19]
 3.
[20

] <figures/"Ctrl Volume A".png, id=116, 415.5525pt x 136.25906pt>
File: figures/"Ctrl Volume A".png Graphic file (type png)

<use figures/"Ctrl Volume A".png>
Package pdftex.def Info: figures/"Ctrl Volume A".png used on input line 239.
(pdftex.def)             Requested size: 415.55148pt x 136.25871pt.

<figures/"Eqn A".png, id=117, 387.69844pt x 81.30376pt>
File: figures/"Eqn A".png Graphic file (type png)

<use figures/"Eqn A".png>
Package pdftex.def Info: figures/"Eqn A".png used on input line 244.
(pdftex.def)             Requested size: 387.69748pt x 81.30354pt.
 [21 <./figures/Ctrl Volume A.png> <./figures/Eqn A.png>] <figures/"Control Vol
ume B".png, id=124, 301.125pt x 146.04562pt>
File: figures/"Control Volume B".png Graphic file (type png)

<use figures/"Control Volume B".png>
Package pdftex.def Info: figures/"Control Volume B".png used on input line 287.

(pdftex.def)             Requested size: 301.12425pt x 146.04524pt.

<figures/"Eqn B".png, id=125, 387.69844pt x 92.59593pt>
File: figures/"Eqn B".png Graphic file (type png)

<use figures/"Eqn B".png>
Package pdftex.def Info: figures/"Eqn B".png used on input line 292.
(pdftex.def)             Requested size: 387.69748pt x 92.59569pt.


LaTeX Warning: `h' float specifier changed to `ht'.


LaTeX Warning: `h' float specifier changed to `ht'.

[22] <figures/"Nozzel Minor Losses".jpg, id=131, 402.00188pt x 336.50719pt>
File: figures/"Nozzel Minor Losses".jpg Graphic file (type jpg)

<use figures/"Nozzel Minor Losses".jpg>
Package pdftex.def Info: figures/"Nozzel Minor Losses".jpg used on input line 3
02.
(pdftex.def)             Requested size: 227.62204pt x 190.53767pt.


LaTeX Warning: `h' float specifier changed to `ht'.

<figures/"Control Volume C".png, id=132, 331.99031pt x 187.45032pt>
File: figures/"Control Volume C".png Graphic file (type png)

<use figures/"Control Volume C".png>
Package pdftex.def Info: figures/"Control Volume C".png used on input line 310.

(pdftex.def)             Requested size: 331.98949pt x 187.44984pt.

<figures/"Eqn C".png, id=133, 423.08063pt x 72.27pt>
File: figures/"Eqn C".png Graphic file (type png)
 <use figures/"Eqn C".png>
Package pdftex.def Info: figures/"Eqn C".png used on input line 315.
(pdftex.def)             Requested size: 423.07959pt x 72.2698pt.


LaTeX Warning: `h' float specifier changed to `ht'.


LaTeX Warning: `h' float specifier changed to `ht'.

<figures/"Control Volume D".png, id=134, 434.37282pt x 155.83218pt>
File: figures/"Control Volume D".png Graphic file (type png)

<use figures/"Control Volume D".png>
Package pdftex.def Info: figures/"Control Volume D".png used on input line 324.

(pdftex.def)             Requested size: 434.37175pt x 155.8318pt.

<figures/"Eqn D".png, id=135, 450.18187pt x 68.50594pt>
File: figures/"Eqn D".png Graphic file (type png)

<use figures/"Eqn D".png>
Package pdftex.def Info: figures/"Eqn D".png used on input line 329.
(pdftex.def)             Requested size: 450.18077pt x 68.50577pt.
 [23 <./figures/Control Volume B.png> <./figures/Eqn B.png>]

LaTeX Warning: `h' float specifier changed to `ht'.


LaTeX Warning: `h' float specifier changed to `ht'.

[24 <./figures/Nozzel Minor Losses.jpg>]

LaTeX Warning: `h' float specifier changed to `ht'.

[25 <./figures/Control Volume C.png> <./figures/Eqn C.png>]

LaTeX Warning: `h' float specifier changed to `ht'.

<<<<<<< HEAD
[26 <E:/Users/Ben/Documents/GitHub/Shiela2/Final Report/figures/Control Volume 
D.png> <E:/Users/Ben/Documents/GitHub/Shiela2/Final Report/figures/Eqn D.png>]
Missing character: There is no ‚ in font cmr10!
Missing character: There is no Ä in font cmr10!
Missing character: There is no ô in font cmr10!

[27] [28] [29
=======
[26 <./figures/Control Volume D.png> <./figures/Eqn D.png>]
Missing character: There is no ‚ in font cmr10!
Missing character: There is no Ä in font cmr10!
Missing character: There is no ô in font cmr10!
 [27] [28] [29
>>>>>>> origin/master

]
("Final Report.aux") ) 
Here is how much of TeX's memory you used:
<<<<<<< HEAD
 1343 strings out of 493921
 20247 string characters out of 3145684
 71517 words of memory out of 3000000
 4634 multiletter control sequences out of 15000+200000
 9453 words of font info for 33 fonts, out of 3000000 for 9000
 841 hyphenation exceptions out of 8191
 27i,9n,23p,1129b,229s stack positions out of 5000i,500n,10000p,200000b,50000s
<E:/Ne
w Program Files/MiKTeX 2.9/fonts/type1/public/amsfonts/cm/cmbx10.pfb><E:/New Pr
ogram Files/MiKTeX 2.9/fonts/type1/public/amsfonts/cm/cmbx12.pfb><E:/New Progra
m Files/MiKTeX 2.9/fonts/type1/public/amsfonts/cm/cmex10.pfb><E:/New Program Fi
les/MiKTeX 2.9/fonts/type1/public/amsfonts/cm/cmmi10.pfb><E:/New Program Files/
MiKTeX 2.9/fonts/type1/public/amsfonts/cm/cmmi5.pfb><E:/New Program Files/MiKTe
X 2.9/fonts/type1/public/amsfonts/cm/cmmi7.pfb><E:/New Program Files/MiKTeX 2.9
/fonts/type1/public/amsfonts/cm/cmr10.pfb><E:/New Program Files/MiKTeX 2.9/font
s/type1/public/amsfonts/cm/cmr12.pfb><E:/New Program Files/MiKTeX 2.9/fonts/typ
e1/public/amsfonts/cm/cmr17.pfb><E:/New Program Files/MiKTeX 2.9/fonts/type1/pu
blic/amsfonts/cm/cmr5.pfb><E:/New Program Files/MiKTeX 2.9/fonts/type1/public/a
msfonts/cm/cmr7.pfb><E:/New Program Files/MiKTeX 2.9/fonts/type1/public/amsfont
s/cm/cmsy10.pfb><E:/New Program Files/MiKTeX 2.9/fonts/type1/public/amsfonts/cm
/cmsy5.pfb><E:/New Program Files/MiKTeX 2.9/fonts/type1/public/amsfonts/cm/cmsy
7.pfb><E:/New Program Files/MiKTeX 2.9/fonts/type1/public/amsfonts/cm/cmti10.pf
b>
Output written on "Final Report.pdf" (30 pages, 7303618 bytes).
=======
 1342 strings out of 493698
 19084 string characters out of 3153006
 74516 words of memory out of 3000000
 4665 multiletter control sequences out of 15000+200000
 9453 words of font info for 33 fonts, out of 3000000 for 9000
 1025 hyphenation exceptions out of 8191
 27i,9n,23p,1188b,229s stack positions out of 5000i,500n,10000p,200000b,50000s
<D:/TeX/fonts/type1/public/amsfonts/cm/cmbx10.pfb><D:/TeX
/fonts/type1/public/amsfonts/cm/cmbx12.pfb><D:/TeX/fonts/type1/public/amsfonts/
cm/cmex10.pfb><D:/TeX/fonts/type1/public/amsfonts/cm/cmmi10.pfb><D:/TeX/fonts/t
ype1/public/amsfonts/cm/cmmi5.pfb><D:/TeX/fonts/type1/public/amsfonts/cm/cmmi7.
pfb><D:/TeX/fonts/type1/public/amsfonts/cm/cmr10.pfb><D:/TeX/fonts/type1/public
/amsfonts/cm/cmr12.pfb><D:/TeX/fonts/type1/public/amsfonts/cm/cmr17.pfb><D:/TeX
/fonts/type1/public/amsfonts/cm/cmr5.pfb><D:/TeX/fonts/type1/public/amsfonts/cm
/cmr7.pfb><D:/TeX/fonts/type1/public/amsfonts/cm/cmsy10.pfb><D:/TeX/fonts/type1
/public/amsfonts/cm/cmsy5.pfb><D:/TeX/fonts/type1/public/amsfonts/cm/cmsy7.pfb>
<D:/TeX/fonts/type1/public/amsfonts/cm/cmti10.pfb>
Output written on "Final Report.pdf" (30 pages, 7082938 bytes).
>>>>>>> origin/master
PDF statistics:
 205 PDF objects out of 1000 (max. 8388607)
 0 named destinations out of 1000 (max. 500000)
 141 words of extra memory for PDF output out of 10000 (max. 10000000)

